g:\工作空间\facedector_activex_mfc\facedector_activex_mfc\release\facedector_activex_mfc.pch
g:\工作空间\facedector_activex_mfc\facedector_activex_mfc\release\vc140.pdb
g:\工作空间\facedector_activex_mfc\facedector_activex_mfc\release\stdafx.obj
g:\工作空间\facedector_activex_mfc\facedector_activex_mfc\release\mydlg.obj
g:\工作空间\facedector_activex_mfc\facedector_activex_mfc\release\facedector_activex_mfcproppage.obj
g:\工作空间\facedector_activex_mfc\facedector_activex_mfc\release\facedector_activex_mfcctrl.obj
g:\工作空间\facedector_activex_mfc\facedector_activex_mfc\release\facedector_activex_mfc.obj
g:\工作空间\facedector_activex_mfc\facedector_activex_mfc\release\cvvimage.obj
g:\工作空间\facedector_activex_mfc\release\facedector_activex_mfc.lib
g:\工作空间\facedector_activex_mfc\release\facedector_activex_mfc.exp
g:\工作空间\facedector_activex_mfc\release\facedector_activex_mfc.ocx
g:\工作空间\facedector_activex_mfc\release\facedector_activex_mfc.ipdb
g:\工作空间\facedector_activex_mfc\release\facedector_activex_mfc.iobj
g:\工作空间\facedector_activex_mfc\release\facedector_activex_mfc.pdb
g:\工作空间\facedector_activex_mfc\facedector_activex_mfc\release\facedector_activex_mfc.tlb
g:\工作空间\facedector_activex_mfc\facedector_activex_mfc\facedector_activex_mfc_i.c
g:\工作空间\facedector_activex_mfc\facedector_activex_mfc\facedector_activex_mfcidl.h
g:\工作空间\facedector_activex_mfc\facedector_activex_mfc\release\facedector_activex_mfc.res
g:\工作空间\facedector_activex_mfc\facedector_activex_mfc\release\facedect.fa1e9b8d.tlog\cl.command.1.tlog
g:\工作空间\facedector_activex_mfc\facedector_activex_mfc\release\facedect.fa1e9b8d.tlog\cl.read.1.tlog
g:\工作空间\facedector_activex_mfc\facedector_activex_mfc\release\facedect.fa1e9b8d.tlog\cl.write.1.tlog
g:\工作空间\facedector_activex_mfc\facedector_activex_mfc\release\facedect.fa1e9b8d.tlog\facedector_activex_mfc.write.1u.tlog
g:\工作空间\facedector_activex_mfc\facedector_activex_mfc\release\facedect.fa1e9b8d.tlog\link.command.1.tlog
g:\工作空间\facedector_activex_mfc\facedector_activex_mfc\release\facedect.fa1e9b8d.tlog\link.read.1.tlog
g:\工作空间\facedector_activex_mfc\facedector_activex_mfc\release\facedect.fa1e9b8d.tlog\link.write.1.tlog
g:\工作空间\facedector_activex_mfc\facedector_activex_mfc\release\facedect.fa1e9b8d.tlog\midl.command.1.tlog
g:\工作空间\facedector_activex_mfc\facedector_activex_mfc\release\facedect.fa1e9b8d.tlog\midl.read.1.tlog
g:\工作空间\facedector_activex_mfc\facedector_activex_mfc\release\facedect.fa1e9b8d.tlog\midl.write.1.tlog
g:\工作空间\facedector_activex_mfc\facedector_activex_mfc\release\facedect.fa1e9b8d.tlog\rc.command.1.tlog
g:\工作空间\facedector_activex_mfc\facedector_activex_mfc\release\facedect.fa1e9b8d.tlog\rc.read.1.tlog
g:\工作空间\facedector_activex_mfc\facedector_activex_mfc\release\facedect.fa1e9b8d.tlog\rc.write.1.tlog
